2025-06-14T14:41:15 | touched: test/Bertembeddings.test.js
2025-07-31T00:18:53 | touched: scripts/cli.js
2025-12-02T00:34:06 | touched: test/Bertembeddings.test.js
2025-12-14T08:50:11 | touched: scripts/api-server.js
2025-08-22T08:56:13 | touched: scripts/interact.js
2025-09-29T00:47:18 | touched: scripts/cli.js
2025-11-02T00:14:54 | touched: scripts/api-server.js
2025-11-17T17:02:15 | touched: scripts/cli.js
2025-08-13T13:41:24 | touched: hardhat.config.js
2025-12-24T06:27:24 | touched: test/Bertembeddings.test.js
2025-01-21T13:35:36 | touched: scripts/deploy.js
2025-07-14T19:06:55 | touched: package.json
2025-12-31T13:21:09 | touched: LICENSE
2025-11-18T19:07:37 | touched: .env.example
2025-06-20T06:19:12 | touched: README.md
2025-05-05T00:56:59 | touched: test/Bertembeddings.test.js
2025-06-15T01:56:30 | touched: .env.example
2025-02-05T01:28:04 | touched: README.md
2025-08-29T23:26:47 | touched: hardhat.config.js
2025-09-20T07:48:04 | touched: package.json
2025-05-04T16:05:29 | touched: scripts/frontend-integration.js
2025-05-02T05:57:59 | touched: scripts/frontend-integration.js
